/root/miniconda3/envs/myconda/bin/python /mnt/pycharm_project_807/train.py --batch_size 16 --learning_rate 1e-5 --train_path ./data/target_data/LungCT/train.txt --dev_path ./data/target_data/LungCT/dev.txt --max_seq_len 256 --num_epochs 99 --shots 0 --early_stop_patience 5 --steps_per_epoch 600 --best_weight_path ./checkpoints/lung_uie_mcc_vat.pt --train_history_path ./history/lung_uie_mcc_vat.csv --log_path ./log/logs/lung_uie_mcc_vat.log --tensorboard_dir ./tensorboard/lung_uie_mcc_vat/
Global seed set to 42
===============================================================================================
Layer (type:depth-idx)                        Output Shape              Param #
===============================================================================================
UIE                                           [16, 239]                 --
├─BertEmbeddings: 1-1                         [16, 239, 768]            --
│    └─Embedding: 2-1                         [16, 239, 768]            30,720,000
│    └─Embedding: 2-2                         [16, 239, 768]            2,304
│    └─Embedding: 2-3                         [16, 239, 768]            3,072
│    └─Embedding: 2-4                         [16, 239, 768]            1,572,864
│    └─LayerNorm: 2-5                         [16, 239, 768]            1,536
│    └─Dropout: 2-6                           [16, 239, 768]            --
├─ModuleList: 1-2                             --                        --
│    └─BertLayer: 2-7                         [16, 239, 768]            --
│    │    └─MultiHeadAttentionLayer: 3-1      [16, 239, 768]            2,362,368
│    │    └─Dropout: 3-2                      [16, 239, 768]            --
│    │    └─LayerNorm: 3-3                    [16, 239, 768]            1,536
│    │    └─PositionWiseFeedForward: 3-4      [16, 239, 768]            4,722,432
│    │    └─Dropout: 3-5                      [16, 239, 768]            --
│    │    └─LayerNorm: 3-6                    [16, 239, 768]            1,536
│    └─BertLayer: 2-8                         [16, 239, 768]            --
│    │    └─MultiHeadAttentionLayer: 3-7      [16, 239, 768]            2,362,368
│    │    └─Dropout: 3-8                      [16, 239, 768]            --
│    │    └─LayerNorm: 3-9                    [16, 239, 768]            1,536
│    │    └─PositionWiseFeedForward: 3-10     [16, 239, 768]            4,722,432
│    │    └─Dropout: 3-11                     [16, 239, 768]            --
│    │    └─LayerNorm: 3-12                   [16, 239, 768]            1,536
│    └─BertLayer: 2-9                         [16, 239, 768]            --
│    │    └─MultiHeadAttentionLayer: 3-13     [16, 239, 768]            2,362,368
│    │    └─Dropout: 3-14                     [16, 239, 768]            --
│    │    └─LayerNorm: 3-15                   [16, 239, 768]            1,536
│    │    └─PositionWiseFeedForward: 3-16     [16, 239, 768]            4,722,432
│    │    └─Dropout: 3-17                     [16, 239, 768]            --
│    │    └─LayerNorm: 3-18                   [16, 239, 768]            1,536
│    └─BertLayer: 2-10                        [16, 239, 768]            --
│    │    └─MultiHeadAttentionLayer: 3-19     [16, 239, 768]            2,362,368
│    │    └─Dropout: 3-20                     [16, 239, 768]            --
│    │    └─LayerNorm: 3-21                   [16, 239, 768]            1,536
│    │    └─PositionWiseFeedForward: 3-22     [16, 239, 768]            4,722,432
│    │    └─Dropout: 3-23                     [16, 239, 768]            --
│    │    └─LayerNorm: 3-24                   [16, 239, 768]            1,536
│    └─BertLayer: 2-11                        [16, 239, 768]            --
│    │    └─MultiHeadAttentionLayer: 3-25     [16, 239, 768]            2,362,368
│    │    └─Dropout: 3-26                     [16, 239, 768]            --
│    │    └─LayerNorm: 3-27                   [16, 239, 768]            1,536
│    │    └─PositionWiseFeedForward: 3-28     [16, 239, 768]            4,722,432
│    │    └─Dropout: 3-29                     [16, 239, 768]            --
│    │    └─LayerNorm: 3-30                   [16, 239, 768]            1,536
│    └─BertLayer: 2-12                        [16, 239, 768]            --
│    │    └─MultiHeadAttentionLayer: 3-31     [16, 239, 768]            2,362,368
│    │    └─Dropout: 3-32                     [16, 239, 768]            --
│    │    └─LayerNorm: 3-33                   [16, 239, 768]            1,536
│    │    └─PositionWiseFeedForward: 3-34     [16, 239, 768]            4,722,432
│    │    └─Dropout: 3-35                     [16, 239, 768]            --
│    │    └─LayerNorm: 3-36                   [16, 239, 768]            1,536
│    └─BertLayer: 2-13                        [16, 239, 768]            --
│    │    └─MultiHeadAttentionLayer: 3-37     [16, 239, 768]            2,362,368
│    │    └─Dropout: 3-38                     [16, 239, 768]            --
│    │    └─LayerNorm: 3-39                   [16, 239, 768]            1,536
│    │    └─PositionWiseFeedForward: 3-40     [16, 239, 768]            4,722,432
│    │    └─Dropout: 3-41                     [16, 239, 768]            --
│    │    └─LayerNorm: 3-42                   [16, 239, 768]            1,536
│    └─BertLayer: 2-14                        [16, 239, 768]            --
│    │    └─MultiHeadAttentionLayer: 3-43     [16, 239, 768]            2,362,368
│    │    └─Dropout: 3-44                     [16, 239, 768]            --
│    │    └─LayerNorm: 3-45                   [16, 239, 768]            1,536
│    │    └─PositionWiseFeedForward: 3-46     [16, 239, 768]            4,722,432
│    │    └─Dropout: 3-47                     [16, 239, 768]            --
│    │    └─LayerNorm: 3-48                   [16, 239, 768]            1,536
│    └─BertLayer: 2-15                        [16, 239, 768]            --
│    │    └─MultiHeadAttentionLayer: 3-49     [16, 239, 768]            2,362,368
│    │    └─Dropout: 3-50                     [16, 239, 768]            --
│    │    └─LayerNorm: 3-51                   [16, 239, 768]            1,536
│    │    └─PositionWiseFeedForward: 3-52     [16, 239, 768]            4,722,432
│    │    └─Dropout: 3-53                     [16, 239, 768]            --
│    │    └─LayerNorm: 3-54                   [16, 239, 768]            1,536
│    └─BertLayer: 2-16                        [16, 239, 768]            --
│    │    └─MultiHeadAttentionLayer: 3-55     [16, 239, 768]            2,362,368
│    │    └─Dropout: 3-56                     [16, 239, 768]            --
│    │    └─LayerNorm: 3-57                   [16, 239, 768]            1,536
│    │    └─PositionWiseFeedForward: 3-58     [16, 239, 768]            4,722,432
│    │    └─Dropout: 3-59                     [16, 239, 768]            --
│    │    └─LayerNorm: 3-60                   [16, 239, 768]            1,536
│    └─BertLayer: 2-17                        [16, 239, 768]            --
│    │    └─MultiHeadAttentionLayer: 3-61     [16, 239, 768]            2,362,368
│    │    └─Dropout: 3-62                     [16, 239, 768]            --
│    │    └─LayerNorm: 3-63                   [16, 239, 768]            1,536
│    │    └─PositionWiseFeedForward: 3-64     [16, 239, 768]            4,722,432
│    │    └─Dropout: 3-65                     [16, 239, 768]            --
│    │    └─LayerNorm: 3-66                   [16, 239, 768]            1,536
│    └─BertLayer: 2-18                        [16, 239, 768]            --
│    │    └─MultiHeadAttentionLayer: 3-67     [16, 239, 768]            2,362,368
│    │    └─Dropout: 3-68                     [16, 239, 768]            --
│    │    └─LayerNorm: 3-69                   [16, 239, 768]            1,536
│    │    └─PositionWiseFeedForward: 3-70     [16, 239, 768]            4,722,432
│    │    └─Dropout: 3-71                     [16, 239, 768]            --
│    │    └─LayerNorm: 3-72                   [16, 239, 768]            1,536
├─Linear: 1-3                                 [16, 768]                 590,592
├─Tanh: 1-4                                   [16, 768]                 --
├─Linear: 1-5                                 [16, 239, 1]              769
├─Linear: 1-6                                 [16, 239, 1]              769
===============================================================================================
Total params: 117,946,370
Trainable params: 117,946,370
Non-trainable params: 0
Total mult-adds (G): 1.89
===============================================================================================
Input size (MB): 0.06
Forward/backward pass size (MB): 3218.93
Params size (MB): 471.79
Estimated Total Size (MB): 3690.77
===============================================================================================
=============Start Training=============
2022-11-15 04:36:22 - Epoch: 1/99
[2022-11-15 04:36:22,589] [    INFO] - model runs on cuda:0
600/600 [==============================] - 728s 1s/step - loss: 3.5382 - loss_sup: 1.2261 - loss_unsup: 2.3122
[2022-11-15 04:50:47,639] [    INFO] - [val-entity level] f1: 0.18665, p: 0.94306 r: 0.10358

2022-11-15 04:50:47 - Epoch: 2/99
600/600 [==============================] - 732s 1s/step - loss: 1.8561 - loss_sup: 0.6524 - loss_unsup: 1.2037
[2022-11-15 05:05:16,576] [    INFO] - [val-entity level] f1: 0.53071, p: 0.96203 r: 0.36643
2022-11-15 05:05:16 - Epoch: 3/99

600/600 [==============================] - 733s 1s/step - loss: 1.5525 - loss_sup: 0.5408 - loss_unsup: 1.0116
[2022-11-15 05:19:47,174] [    INFO] - [val-entity level] f1: 0.88664, p: 0.92139 r: 0.85441

2022-11-15 05:19:47 - Epoch: 4/99
600/600 [==============================] - 723s 1s/step - loss: 1.3999 - loss_sup: 0.4528 - loss_unsup: 0.9470
[2022-11-15 05:34:07,482] [    INFO] - [val-entity level] f1: 0.90086, p: 0.92773 r: 0.87551
2022-11-15 05:34:07 - Epoch: 5/99

600/600 [==============================] - 729s 1s/step - loss: 1.2335 - loss_sup: 0.3989 - loss_unsup: 0.8345
[2022-11-15 05:48:33,688] [    INFO] - [val-entity level] f1: 0.90140, p: 0.89099 r: 0.91206

2022-11-15 05:48:33 - Epoch: 6/99
600/600 [==============================] - 732s 1s/step - loss: 1.1720 - loss_sup: 0.3824 - loss_unsup: 0.7896
[2022-11-15 06:03:02,635] [    INFO] - [val-entity level] f1: 0.90559, p: 0.92133 r: 0.89037
2022-11-15 06:03:02 - Epoch: 7/99

600/600 [==============================] - 732s 1s/step - loss: 1.0980 - loss_sup: 0.3581 - loss_unsup: 0.7399
[2022-11-15 06:17:21,748] [    INFO] - [val-entity level] f1: 0.90473, p: 0.92915 r: 0.88157

2022-11-15 06:17:21 - Epoch: 8/99
600/600 [==============================] - 730s 1s/step - loss: 0.9510 - loss_sup: 0.3095 - loss_unsup: 0.6414
[2022-11-15 06:31:49,060] [    INFO] - [val-entity level] f1: 0.90998, p: 0.90636 r: 0.91362

2022-11-15 06:31:49 - Epoch: 9/99
600/600 [==============================] - 727s 1s/step - loss: 0.9099 - loss_sup: 0.3042 - loss_unsup: 0.6057
[2022-11-15 06:46:13,371] [    INFO] - [val-entity level] f1: 0.91269, p: 0.91020 r: 0.91518

2022-11-15 06:46:13 - Epoch: 10/99
600/600 [==============================] - 731s 1s/step - loss: 0.9315 - loss_sup: 0.2993 - loss_unsup: 0.6322
[2022-11-15 07:00:41,982] [    INFO] - [val-entity level] f1: 0.91781, p: 0.92124 r: 0.91440

2022-11-15 07:00:41 - Epoch: 11/99
600/600 [==============================] - 732s 1s/step - loss: 0.7744 - loss_sup: 0.2456 - loss_unsup: 0.5287
[2022-11-15 07:15:10,924] [    INFO] - [val-entity level] f1: 0.91896, p: 0.90646 r: 0.93180
2022-11-15 07:15:10 - Epoch: 12/99

600/600 [==============================] - 731s 1s/step - loss: 0.7667 - loss_sup: 0.2478 - loss_unsup: 0.5190
[2022-11-15 07:29:29,364] [    INFO] - [val-entity level] f1: 0.91299, p: 0.91042 r: 0.91558

2022-11-15 07:29:29 - Epoch: 13/99
600/600 [==============================] - 732s 1s/step - loss: 0.7100 - loss_sup: 0.2553 - loss_unsup: 0.4547
[2022-11-15 07:43:47,657] [    INFO] - [val-entity level] f1: 0.91628, p: 0.90871 r: 0.92398

2022-11-15 07:43:47 - Epoch: 14/99
600/600 [==============================] - 732s 1s/step - loss: 0.7400 - loss_sup: 0.2449 - loss_unsup: 0.4951
[2022-11-15 07:58:06,295] [    INFO] - [val-entity level] f1: 0.91748, p: 0.91261 r: 0.92242

2022-11-15 07:58:06 - Epoch: 15/99
600/600 [==============================] - 726s 1s/step - loss: 0.6375 - loss_sup: 0.2086 - loss_unsup: 0.4289
[2022-11-15 08:12:18,689] [    INFO] - [val-entity level] f1: 0.91770, p: 0.90625 r: 0.92945

2022-11-15 08:12:18 - Epoch: 16/99
600/600 [==============================] - 728s 1s/step - loss: 0.6534 - loss_sup: 0.2102 - loss_unsup: 0.4432
[2022-11-15 08:26:33,096] [    INFO] - [val-entity level] f1: 0.91578, p: 0.91039 r: 0.92124
============Finish Training=============
Epoch 16: early stopping



进程已结束,退出代码0